2026-05-29 19:20:04 - شروع ارسال برای موبایل: 09132508330
2026-05-29 19:20:05 - خطا: HTTP 400 - کاربر دسترسی به خط را ندارد.
پاسخ خام: {"status":"error","message":"\u06a9\u0627\u0631\u0628\u0631 \u062f\u0633\u062a\u0631\u0633\u06cc \u0628\u0647 \u062e\u0637 \u0631\u0627 \u0646\u062f\u0627\u0631\u062f.","data":null}
2026-05-29 19:54:19 - شروع ارسال برای موبایل: 09132508330
2026-05-29 19:54:21 - موفق: message_id = 2727857
2026-05-29 20:06:15 - شروع ارسال برای موبایل: 09396171397
2026-05-29 20:06:17 - موفق: message_id = 2728345
2026-06-04 16:32:18 - شروع ارسال برای موبایل: 09103835233
2026-06-04 16:32:18 - سرویس پیامک در دسترس نیست (isAvailable=false)
2026-06-04 16:38:18 - شروع ارسال برای موبایل: 09396551366
2026-06-04 16:38:33 - خطا: cURL: Connection timed out after 15015 milliseconds
2026-06-04 16:53:55 - شروع ارسال برای موبایل: 09138605993
2026-06-04 16:54:10 - خطا: cURL: Connection timed out after 15000 milliseconds
2026-06-04 18:04:20 - شروع ارسال برای موبایل: 09103835233
2026-06-04 18:04:21 - موفق: message_id = 3013463
2026-06-04 18:04:59 - شروع ارسال برای موبایل: 09396551366
2026-06-04 18:05:14 - خطا: cURL: Connection timed out after 15000 milliseconds
2026-06-04 18:05:15 - شروع ارسال برای موبایل: 09396551366
2026-06-04 18:05:30 - خطا: cURL: Connection timed out after 15000 milliseconds
2026-06-04 18:05:54 - شروع ارسال برای موبایل: 09396551366
2026-06-04 18:06:09 - خطا: cURL: Connection timed out after 15000 milliseconds
2026-06-04 18:06:32 - شروع ارسال برای موبایل: 09138605993
2026-06-04 18:06:34 - موفق: message_id = 3013508
2026-06-04 18:21:29 - شروع ارسال برای موبایل: 09396551366
2026-06-04 18:21:44 - خطا: cURL: Connection timed out after 15000 milliseconds
2026-06-04 18:22:40 - شروع ارسال برای موبایل: 09396551366
2026-06-04 18:22:41 - موفق: message_id = 3013907
